

Started GET "/" for 127.0.0.1 at 2015-02-15 23:48:32 +0300
Processing by Rails::WelcomeController#index as HTML
  Rendered /home/igor/.rvm/gems/ruby-2.2.0/gems/railties-4.2.0/lib/rails/templates/rails/welcome/index.html.erb (1.8ms)
Completed 200 OK in 35ms (Views: 27.1ms | ActiveRecord: 0.0ms)


Started GET "/rails/info/properties" for 127.0.0.1 at 2015-02-15 23:48:51 +0300
Processing by Rails::InfoController#properties as HTML
  Rendered /home/igor/.rvm/gems/ruby-2.2.0/gems/railties-4.2.0/lib/rails/templates/rails/info/properties.html.erb (0.5ms)
Completed 200 OK in 103ms (Views: 30.8ms | ActiveRecord: 1.5ms)


Started GET "/" for 127.0.0.1 at 2015-02-15 23:52:56 +0300
Processing by Rails::WelcomeController#index as HTML
  Rendered /home/igor/.rvm/gems/ruby-2.2.0/gems/railties-4.2.0/lib/rails/templates/rails/welcome/index.html.erb (0.1ms)
Completed 200 OK in 1ms (Views: 1.0ms | ActiveRecord: 0.0ms)


Started GET "/rails/info/properties" for 127.0.0.1 at 2015-02-15 23:52:59 +0300
Processing by Rails::InfoController#properties as HTML
  Rendered /home/igor/.rvm/gems/ruby-2.2.0/gems/railties-4.2.0/lib/rails/templates/rails/info/properties.html.erb (0.1ms)
Completed 200 OK in 9ms (Views: 8.2ms | ActiveRecord: 0.0ms)


Started GET "/" for 127.0.0.1 at 2015-02-15 23:53:00 +0300
Processing by Rails::WelcomeController#index as HTML
  Rendered /home/igor/.rvm/gems/ruby-2.2.0/gems/railties-4.2.0/lib/rails/templates/rails/welcome/index.html.erb (0.1ms)
Completed 200 OK in 2ms (Views: 1.3ms | ActiveRecord: 0.0ms)


Started GET "/rails/info/properties" for 127.0.0.1 at 2015-02-15 23:53:08 +0300
Processing by Rails::InfoController#properties as HTML
  Rendered /home/igor/.rvm/gems/ruby-2.2.0/gems/railties-4.2.0/lib/rails/templates/rails/info/properties.html.erb within layouts/application (0.4ms)
Completed 200 OK in 27ms (Views: 25.8ms | ActiveRecord: 0.0ms)


Started GET "/rails/info/properties" for 127.0.0.1 at 2015-02-15 23:53:11 +0300
Processing by Rails::InfoController#properties as HTML
  Rendered /home/igor/.rvm/gems/ruby-2.2.0/gems/railties-4.2.0/lib/rails/templates/rails/info/properties.html.erb within layouts/application (0.1ms)
Completed 200 OK in 3ms (Views: 2.2ms | ActiveRecord: 0.0ms)


Started GET "/rails/info/properties" for 127.0.0.1 at 2015-02-15 23:53:12 +0300
Processing by Rails::InfoController#properties as HTML
  Rendered /home/igor/.rvm/gems/ruby-2.2.0/gems/railties-4.2.0/lib/rails/templates/rails/info/properties.html.erb within layouts/application (0.1ms)
Completed 200 OK in 3ms (Views: 2.6ms | ActiveRecord: 0.0ms)


Started GET "/rails/info/properties" for 127.0.0.1 at 2015-02-15 23:53:13 +0300
Processing by Rails::InfoController#properties as HTML
  Rendered /home/igor/.rvm/gems/ruby-2.2.0/gems/railties-4.2.0/lib/rails/templates/rails/info/properties.html.erb within layouts/application (0.1ms)
Completed 200 OK in 3ms (Views: 2.5ms | ActiveRecord: 0.0ms)


Started GET "/rails/info/properties" for 127.0.0.1 at 2015-02-15 23:53:13 +0300
Processing by Rails::InfoController#properties as HTML
  Rendered /home/igor/.rvm/gems/ruby-2.2.0/gems/railties-4.2.0/lib/rails/templates/rails/info/properties.html.erb within layouts/application (0.1ms)
Completed 200 OK in 5ms (Views: 3.9ms | ActiveRecord: 0.0ms)


Started GET "/rails/info/properties" for 127.0.0.1 at 2015-02-15 23:53:14 +0300
Processing by Rails::InfoController#properties as HTML
  Rendered /home/igor/.rvm/gems/ruby-2.2.0/gems/railties-4.2.0/lib/rails/templates/rails/info/properties.html.erb within layouts/application (0.0ms)
Completed 200 OK in 2ms (Views: 1.7ms | ActiveRecord: 0.0ms)


Started GET "/rails/info/properties" for 127.0.0.1 at 2015-02-15 23:53:14 +0300
Processing by Rails::InfoController#properties as HTML
  Rendered /home/igor/.rvm/gems/ruby-2.2.0/gems/railties-4.2.0/lib/rails/templates/rails/info/properties.html.erb within layouts/application (0.1ms)
Completed 200 OK in 2ms (Views: 1.9ms | ActiveRecord: 0.0ms)


Started GET "/rails/info/properties" for 127.0.0.1 at 2015-02-15 23:53:15 +0300
Processing by Rails::InfoController#properties as HTML
  Rendered /home/igor/.rvm/gems/ruby-2.2.0/gems/railties-4.2.0/lib/rails/templates/rails/info/properties.html.erb within layouts/application (0.1ms)
Completed 200 OK in 3ms (Views: 2.0ms | ActiveRecord: 0.0ms)


Started GET "/rails/info/properties" for 127.0.0.1 at 2015-02-15 23:53:16 +0300
Processing by Rails::InfoController#properties as HTML
  Rendered /home/igor/.rvm/gems/ruby-2.2.0/gems/railties-4.2.0/lib/rails/templates/rails/info/properties.html.erb within layouts/application (0.0ms)
Completed 200 OK in 4ms (Views: 3.0ms | ActiveRecord: 0.0ms)


Started GET "/" for 127.0.0.1 at 2015-02-15 23:53:22 +0300
Processing by Rails::WelcomeController#index as HTML
  Rendered /home/igor/.rvm/gems/ruby-2.2.0/gems/railties-4.2.0/lib/rails/templates/rails/welcome/index.html.erb (0.1ms)
Completed 200 OK in 2ms (Views: 1.3ms | ActiveRecord: 0.0ms)


Started GET "/rails/info/properties" for 127.0.0.1 at 2015-02-15 23:53:23 +0300
Processing by Rails::InfoController#properties as HTML
  Rendered /home/igor/.rvm/gems/ruby-2.2.0/gems/railties-4.2.0/lib/rails/templates/rails/info/properties.html.erb (0.1ms)
Completed 200 OK in 7ms (Views: 6.6ms | ActiveRecord: 0.0ms)


Started GET "/" for 127.0.0.1 at 2015-02-15 23:53:23 +0300
Processing by Rails::WelcomeController#index as HTML
  Rendered /home/igor/.rvm/gems/ruby-2.2.0/gems/railties-4.2.0/lib/rails/templates/rails/welcome/index.html.erb (0.1ms)
Completed 200 OK in 2ms (Views: 1.2ms | ActiveRecord: 0.0ms)


Started GET "/" for 127.0.0.1 at 2015-02-15 23:55:22 +0300
Processing by Rails::WelcomeController#index as HTML
  Rendered /home/igor/.rvm/gems/ruby-2.2.0/gems/railties-4.2.0/lib/rails/templates/rails/welcome/index.html.erb (0.0ms)
Completed 200 OK in 1ms (Views: 0.7ms | ActiveRecord: 0.0ms)


Started GET "/" for 127.0.0.1 at 2015-02-15 23:55:25 +0300
Processing by Rails::WelcomeController#index as HTML
  Rendered /home/igor/.rvm/gems/ruby-2.2.0/gems/railties-4.2.0/lib/rails/templates/rails/welcome/index.html.erb (0.0ms)
Completed 200 OK in 1ms (Views: 0.6ms | ActiveRecord: 0.0ms)


Started GET "/" for 127.0.0.1 at 2015-02-15 23:56:23 +0300
Processing by Rails::WelcomeController#index as HTML
  Rendered /home/igor/.rvm/gems/ruby-2.2.0/gems/railties-4.2.0/lib/rails/templates/rails/welcome/index.html.erb (1.2ms)
Completed 200 OK in 18ms (Views: 7.5ms | ActiveRecord: 0.0ms)


Started GET "/rails/info/properties" for 127.0.0.1 at 2015-02-15 23:56:25 +0300
Processing by Rails::InfoController#properties as HTML
  Rendered /home/igor/.rvm/gems/ruby-2.2.0/gems/railties-4.2.0/lib/rails/templates/rails/info/properties.html.erb (0.6ms)
Completed 200 OK in 28ms (Views: 8.6ms | ActiveRecord: 1.1ms)


Started GET "/" for 127.0.0.1 at 2015-02-16 21:13:24 +0300
Processing by Rails::WelcomeController#index as HTML
  Rendered /home/igor/.rvm/gems/ruby-2.2.0/gems/railties-4.2.0/lib/rails/templates/rails/welcome/index.html.erb (1.8ms)
Completed 200 OK in 41ms (Views: 32.9ms | ActiveRecord: 0.0ms)


Started GET "/rails/info/properties" for 127.0.0.1 at 2015-02-16 21:13:42 +0300
Processing by Rails::InfoController#properties as HTML
  Rendered /home/igor/.rvm/gems/ruby-2.2.0/gems/railties-4.2.0/lib/rails/templates/rails/info/properties.html.erb (0.5ms)
Completed 200 OK in 62ms (Views: 11.2ms | ActiveRecord: 1.8ms)


Started GET "/" for 127.0.0.1 at 2015-02-17 18:59:04 +0300
Processing by Rails::WelcomeController#index as HTML
  Rendered /home/igor/.rvm/gems/ruby-2.2.0/gems/railties-4.2.0/lib/rails/templates/rails/welcome/index.html.erb (2.8ms)
Completed 200 OK in 45ms (Views: 37.7ms | ActiveRecord: 0.0ms)


Started GET "/rails/info/properties" for 127.0.0.1 at 2015-02-17 18:59:07 +0300
Processing by Rails::InfoController#properties as HTML
  Rendered /home/igor/.rvm/gems/ruby-2.2.0/gems/railties-4.2.0/lib/rails/templates/rails/info/properties.html.erb (0.8ms)
Completed 200 OK in 72ms (Views: 16.4ms | ActiveRecord: 1.4ms)


Started GET "/" for 127.0.0.1 at 2015-02-17 18:59:13 +0300
Processing by Rails::WelcomeController#index as HTML
  Rendered /home/igor/.rvm/gems/ruby-2.2.0/gems/railties-4.2.0/lib/rails/templates/rails/welcome/index.html.erb (0.1ms)
Completed 200 OK in 2ms (Views: 1.3ms | ActiveRecord: 0.0ms)
